<?xml version="1.0" encoding="UTF-8"?>
<testng-results ignored="0" total="1" passed="1" failed="0" skipped="0">
  <reporter-output>
  </reporter-output>
  <suite started-at="2023-08-03T21:23:16 IST" name="Default suite" finished-at="2023-08-03T21:23:21 IST" duration-ms="5113">
    <groups>
    </groups>
    <test started-at="2023-08-03T21:23:16 IST" name="Default test" finished-at="2023-08-03T21:23:21 IST" duration-ms="5113">
      <class name="com.PracticeRestAPIwithBDD.CreateProject">
        <test-method signature="Create()[pri:0, instance:com.PracticeRestAPIwithBDD.CreateProject@4d5b6aac]" started-at="2023-08-03T21:23:16 IST" name="Create" finished-at="2023-08-03T21:23:21 IST" duration-ms="5015" status="PASS">
          <reporter-output>
          </reporter-output>
        </test-method> <!-- Create -->
      </class> <!-- com.PracticeRestAPIwithBDD.CreateProject -->
    </test> <!-- Default test -->
  </suite> <!-- Default suite -->
</testng-results>
